<?xml version="1.0" encoding="UTF-8"?>
<!-- Generated by org.testng.reporters.JUnitReportReporter -->
<testsuite hostname="DESKTOP-5I8QE3D" failures="0" tests="1" name="datadriven.drag_drop" time="1.060" errors="0" timestamp="11 Nov 2022 10:20:54 GMT">
  <testcase classname="datadriven.drag_drop" name="tc1" time="1.060"/>
</testsuite> <!-- datadriven.drag_drop -->
