<?xml version="1.0" encoding="UTF-8"?>
<!-- Generated by org.testng.reporters.JUnitReportReporter -->
<testsuite hostname="DESKTOP-5I8QE3D" failures="0" tests="2" name="datadriven.extent_reports" time="9.611" errors="0" timestamp="11 Nov 2022 09:14:35 GMT">
  <testcase classname="datadriven.extent_reports" name="testcase2" time="1.805"/>
  <testcase classname="datadriven.extent_reports" name="testcase1" time="7.806"/>
</testsuite> <!-- datadriven.extent_reports -->
