<?xml version="1.0" encoding="UTF-8"?>
<!-- Generated by org.testng.reporters.JUnitReportReporter -->
<testsuite hostname="DESKTOP-5I8QE3D" failures="0" tests="1" name="datadriven.frames2" time="0.613" errors="0" timestamp="14 Nov 2022 05:39:34 GMT">
  <testcase classname="datadriven.frames2" name="tc1" time="0.613"/>
</testsuite> <!-- datadriven.frames2 -->
