<?xml version="1.0" encoding="UTF-8"?>
<!-- Generated by org.testng.reporters.JUnitReportReporter -->
<testsuite hostname="DESKTOP-5I8QE3D" failures="0" tests="1" name="datadriven.datadriven" time="65.327" errors="0" timestamp="8 Nov 2022 04:39:44 GMT">
  <testcase classname="datadriven.datadriven" name="tc1" time="65.327"/>
</testsuite> <!-- datadriven.datadriven -->
