<?xml version="1.0" encoding="UTF-8"?>
<!-- Generated by org.testng.reporters.JUnitReportReporter -->
<testsuite hostname="DESKTOP-5I8QE3D" failures="0" tests="1" name="datadriven.hrmjs" time="26.964" errors="0" timestamp="21 Nov 2022 15:13:24 GMT">
  <testcase classname="datadriven.hrmjs" name="tc" time="26.964"/>
</testsuite> <!-- datadriven.hrmjs -->
